# JRE version: Java(TM) SE Runtime Environment (8.0_201-b09) (build 1.8.0_201-b09)
# Java VM: Java HotSpot(TM) 64-Bit Server VM (25.201-b09 mixed mode linux-amd64 compressed oops)
Heap:
 PSYoungGen      total 164352K, used 100732K [0x00000000d6e00000, 0x00000000ede00000, 0x0000000100000000)
  eden space 163328K, 61% used [0x00000000d6e00000,0x00000000dcfd7148,0x00000000e0d80000)
  from space 1024K, 53% used [0x00000000e0d80000,0x00000000e0e08020,0x00000000e0e80000)
  to   space 105472K, 0% used [0x00000000e7700000,0x00000000e7700000,0x00000000ede00000)
 ParOldGen       total 556032K, used 431631K [0x0000000084a00000, 0x00000000a6900000, 0x00000000d6e00000)
  object space 556032K, 77% used [0x0000000084a00000,0x000000009ef83ef8,0x00000000a6900000)
 Metaspace       used 29002K, capacity 30666K, committed 30848K, reserved 1075200K
  class space    used 4051K, capacity 4365K, committed 4480K, reserved 1048576K
GC Heap History (10 events):
Event: 140,921 GC heap before
{Heap before GC invocations=55 (full 4):
 PSYoungGen      total 278016K, used 158144K [0x00000000d6e00000, 0x00000000ef500000, 0x0000000100000000)
  eden space 157696K, 100% used [0x00000000d6e00000,0x00000000e0800000,0x00000000e0800000)
  from space 120320K, 0% used [0x00000000e7f80000,0x00000000e7ff0000,0x00000000ef500000)
  to   space 121344K, 0% used [0x00000000e0800000,0x00000000e0800000,0x00000000e7e80000)
 ParOldGen       total 556032K, used 431479K [0x0000000084a00000, 0x00000000a6900000, 0x00000000d6e00000)
  object space 556032K, 77% used [0x0000000084a00000,0x000000009ef5def8,0x00000000a6900000)
 Metaspace       used 28932K, capacity 30506K, committed 30848K, reserved 1075200K
  class space    used 4041K, capacity 4357K, committed 4480K, reserved 1048576K
Event: 140,930 GC heap after
Heap after GC invocations=55 (full 4):
 PSYoungGen      total 279040K, used 352K [0x00000000d6e00000, 0x00000000ef500000, 0x0000000100000000)
  eden space 157696K, 0% used [0x00000000d6e00000,0x00000000d6e00000,0x00000000e0800000)
  from space 121344K, 0% used [0x00000000e0800000,0x00000000e0858000,0x00000000e7e80000)
  to   space 119808K, 0% used [0x00000000e8000000,0x00000000e8000000,0x00000000ef500000)
 ParOldGen       total 556032K, used 431511K [0x0000000084a00000, 0x00000000a6900000, 0x00000000d6e00000)
  object space 556032K, 77% used [0x0000000084a00000,0x000000009ef65ef8,0x00000000a6900000)
 Metaspace       used 28932K, capacity 30506K, committed 30848K, reserved 1075200K
  class space    used 4041K, capacity 4357K, committed 4480K, reserved 1048576K
}
Event: 143,862 GC heap before
{Heap before GC invocations=56 (full 4):
 PSYoungGen      total 279040K, used 158048K [0x00000000d6e00000, 0x00000000ef500000, 0x0000000100000000)
  eden space 157696K, 100% used [0x00000000d6e00000,0x00000000e0800000,0x00000000e0800000)
  from space 121344K, 0% used [0x00000000e0800000,0x00000000e0858000,0x00000000e7e80000)
  to   space 119808K, 0% used [0x00000000e8000000,0x00000000e8000000,0x00000000ef500000)
 ParOldGen       total 556032K, used 431511K [0x0000000084a00000, 0x00000000a6900000, 0x00000000d6e00000)
  object space 556032K, 77% used [0x0000000084a00000,0x000000009ef65ef8,0x00000000a6900000)
 Metaspace       used 28938K, capacity 30506K, committed 30848K, reserved 1075200K
  class space    used 4041K, capacity 4357K, committed 4480K, reserved 1048576K
Event: 143,866 GC heap after
Heap after GC invocations=56 (full 4):
 PSYoungGen      total 274432K, used 352K [0x00000000d6e00000, 0x00000000eef00000, 0x0000000100000000)
  eden space 160768K, 0% used [0x00000000d6e00000,0x00000000d6e00000,0x00000000e0b00000)
  from space 113664K, 0% used [0x00000000e8000000,0x00000000e8058000,0x00000000eef00000)
  to   space 116736K, 0% used [0x00000000e0b00000,0x00000000e0b00000,0x00000000e7d00000)
 ParOldGen       total 556032K, used 431543K [0x0000000084a00000, 0x00000000a6900000, 0x00000000d6e00000)
  object space 556032K, 77% used [0x0000000084a00000,0x000000009ef6def8,0x00000000a6900000)
 Metaspace       used 28938K, capacity 30506K, committed 30848K, reserved 1075200K
  class space    used 4041K, capacity 4357K, committed 4480K, reserved 1048576K
}
Event: 146,792 GC heap before
{Heap before GC invocations=57 (full 4):
 PSYoungGen      total 274432K, used 161120K [0x00000000d6e00000, 0x00000000eef00000, 0x0000000100000000)
  eden space 160768K, 100% used [0x00000000d6e00000,0x00000000e0b00000,0x00000000e0b00000)
  from space 113664K, 0% used [0x00000000e8000000,0x00000000e8058000,0x00000000eef00000)
  to   space 116736K, 0% used [0x00000000e0b00000,0x00000000e0b00000,0x00000000e7d00000)
 ParOldGen       total 556032K, used 431543K [0x0000000084a00000, 0x00000000a6900000, 0x00000000d6e00000)
  object space 556032K, 77% used [0x0000000084a00000,0x000000009ef6def8,0x00000000a6900000)
 Metaspace       used 28941K, capacity 30570K, committed 30848K, reserved 1075200K
  class space    used 4041K, capacity 4357K, committed 4480K, reserved 1048576K
Event: 146,797 GC heap after
Heap after GC invocations=57 (full 4):
 PSYoungGen      total 161280K, used 352K [0x00000000d6e00000, 0x00000000eeb80000, 0x0000000100000000)
  eden space 160768K, 0% used [0x00000000d6e00000,0x00000000d6e00000,0x00000000e0b00000)
  from space 512K, 68% used [0x00000000e0b00000,0x00000000e0b58000,0x00000000e0b80000)
  to   space 113664K, 0% used [0x00000000e7c80000,0x00000000e7c80000,0x00000000eeb80000)
 ParOldGen       total 556032K, used 431575K [0x0000000084a00000, 0x00000000a6900000, 0x00000000d6e00000)
  object space 556032K, 77% used [0x0000000084a00000,0x000000009ef75ef8,0x00000000a6900000)
 Metaspace       used 28941K, capacity 30570K, committed 30848K, reserved 1075200K
  class space    used 4041K, capacity 4357K, committed 4480K, reserved 1048576K
}
Event: 149,753 GC heap before
{Heap before GC invocations=58 (full 4):
 PSYoungGen      total 161280K, used 161120K [0x00000000d6e00000, 0x00000000eeb80000, 0x0000000100000000)
  eden space 160768K, 100% used [0x00000000d6e00000,0x00000000e0b00000,0x00000000e0b00000)
  from space 512K, 68% used [0x00000000e0b00000,0x00000000e0b58000,0x00000000e0b80000)
  to   space 113664K, 0% used [0x00000000e7c80000,0x00000000e7c80000,0x00000000eeb80000)
 ParOldGen       total 556032K, used 431575K [0x0000000084a00000, 0x00000000a6900000, 0x00000000d6e00000)
  object space 556032K, 77% used [0x0000000084a00000,0x000000009ef75ef8,0x00000000a6900000)
 Metaspace       used 28956K, capacity 30570K, committed 30848K, reserved 1075200K
  class space    used 4044K, capacity 4357K, committed 4480K, reserved 1048576K
Event: 149,760 GC heap after
Heap after GC invocations=58 (full 4):
 PSYoungGen      total 268800K, used 352K [0x00000000d6e00000, 0x00000000ee380000, 0x0000000100000000)
  eden space 163328K, 0% used [0x00000000d6e00000,0x00000000d6e00000,0x00000000e0d80000)
  from space 105472K, 0% used [0x00000000e7c80000,0x00000000e7cd8000,0x00000000ee380000)
  to   space 109568K, 0% used [0x00000000e0d80000,0x00000000e0d80000,0x00000000e7880000)
 ParOldGen       total 556032K, used 431599K [0x0000000084a00000, 0x00000000a6900000, 0x00000000d6e00000)
  object space 556032K, 77% used [0x0000000084a00000,0x000000009ef7bef8,0x00000000a6900000)
 Metaspace       used 28956K, capacity 30570K, committed 30848K, reserved 1075200K
  class space    used 4044K, capacity 4357K, committed 4480K, reserved 1048576K
}
Event: 152,704 GC heap before
{Heap before GC invocations=59 (full 4):
 PSYoungGen      total 268800K, used 163680K [0x00000000d6e00000, 0x00000000ee380000, 0x0000000100000000)
  eden space 163328K, 100% used [0x00000000d6e00000,0x00000000e0d80000,0x00000000e0d80000)
  from space 105472K, 0% used [0x00000000e7c80000,0x00000000e7cd8000,0x00000000ee380000)
  to   space 109568K, 0% used [0x00000000e0d80000,0x00000000e0d80000,0x00000000e7880000)
 ParOldGen       total 556032K, used 431599K [0x0000000084a00000, 0x00000000a6900000, 0x00000000d6e00000)
  object space 556032K, 77% used [0x0000000084a00000,0x000000009ef7bef8,0x00000000a6900000)
 Metaspace       used 28982K, capacity 30576K, committed 30848K, reserved 1075200K
  class space    used 4046K, capacity 4358K, committed 4480K, reserved 1048576K
Event: 152,708 GC heap after
Heap after GC invocations=59 (full 4):
 PSYoungGen      total 164352K, used 544K [0x00000000d6e00000, 0x00000000ede00000, 0x0000000100000000)
  eden space 163328K, 0% used [0x00000000d6e00000,0x00000000d6e00000,0x00000000e0d80000)
  from space 1024K, 53% used [0x00000000e0d80000,0x00000000e0e08020,0x00000000e0e80000)
  to   space 105472K, 0% used [0x00000000e7700000,0x00000000e7700000,0x00000000ede00000)
 ParOldGen       total 556032K, used 431631K [0x0000000084a00000, 0x00000000a6900000, 0x00000000d6e00000)
  object space 556032K, 77% used [0x0000000084a00000,0x000000009ef83ef8,0x00000000a6900000)
 Metaspace       used 28982K, capacity 30576K, committed 30848K, reserved 1075200K
  class space    used 4046K, capacity 4358K, committed 4480K, reserved 1048576K
}

